

2018-01-05 17:35:18,943  #####     Trader started.     #####
2018-01-05 17:35:18,943  =====     Coin Balancer (soft)      =====
2018-01-05 17:35:22,157  Current balances:
2018-01-05 17:35:22,157  {'huobi_pro': {'BCH': '0.88504662', 'BTC': '0.12194523', 'DASH': '0.04083784', 'ETC': '57.45315140', 'ETH': '1.06849812', 'LTC': '10.06216000', 'USDT': '5897.56103800', 'XRP': '592.61000000'}, 'poloniex': {'BTC': '0.09838983', 'BCH': '0.56471920', 'ETH': '2.39601200', 'ETC': '43.16209711', 'LTC': '4.17307828', 'USDT': '4727.02629700', 'DASH': '3.02352153', 'XRP': '641.51250021'}}
2018-01-05 17:35:23,341  huobi_pro: 	BTC: 0.12194523	BCH: 0.88504662	ETH: 1.06849812	ETC: 57.45315140	LTC: 10.06216000	USDT: 5897.56103800	DASH: 0.04083784	XRP: 592.61000000	
2018-01-05 17:35:24,810  poloniex: 	BTC: 0.09838983	BCH: 0.56471920	ETH: 2.39601200	ETC: 43.16209711	LTC: 4.17307828	USDT: 4727.02629700	DASH: 3.02352153	XRP: 641.51250021	
2018-01-05 17:35:24,810  Balance even ratio:
2018-01-05 17:35:24,810  {'BTC': '0.1086', 'BCH': '0.2827', 'ETH': '-0.4161', 'ETC': '0.0840', 'LTC': '0.3975', 'USDT': '0.1564', 'DASH': '-0.9733', 'XRP': '0.0044'}
2018-01-05 17:35:24,810  {'BTC': '-0.1055', 'BCH': '-0.1816', 'ETH': '0.3093', 'ETC': '-0.1856', 'LTC': '-0.4204', 'USDT': '-0.0731', 'DASH': '0.9762', 'XRP': '0.0873'}
2018-01-05 17:35:24,810  Market pair: huobi_pro, poloniex
2018-01-05 17:35:24,811  Currency pair: [], ['ETH', 'DASH']
2018-01-05 17:35:24,811  Market pair: poloniex, huobi_pro
2018-01-05 17:35:24,811  Currency pair: ['DASH'], ['BTC', 'BCH', 'LTC', 'USDT']
2018-01-05 17:35:24,811  Balance list: [['DASH/USDT', 'poloniex', 'huobi_pro', '-0.003']]
2018-01-05 17:35:24,811  =====     Coin Balancer (adaptive, reversed arbitrage)      =====
2018-01-05 17:35:24,811  Trying to balance ['DASH/USDT', 'poloniex', 'huobi_pro', '-0.003'].
2018-01-05 17:35:27,905  Premium (-0.0048) is not high enough (-0.003) for reversed arbitrage.
2018-01-05 17:35:27,906  =====     Premium monitor    =====
2018-01-05 17:35:32,440  {'BTC/USDT': {'huobi_pro': {'bid': '15954.29000000', 'ask': '15963.23000000'}, 'poloniex': {'ask': '15925.74006253', 'bid': '15906.00000025'}}, 'ETH/USDT': {'huobi_pro': {'bid': '992.00000000', 'ask': '993.00000000'}, 'poloniex': {'ask': '994.92999990', 'bid': '990.96719722'}}, 'ETC/USDT': {'huobi_pro': {'bid': '33.90000000', 'ask': '33.97000000'}, 'poloniex': {'ask': '33.70548381', 'bid': '33.56442278'}}, 'LTC/USDT': {'huobi_pro': {'bid': '247.02000000', 'ask': '247.91000000'}, 'poloniex': {'ask': '245.99169620', 'bid': '245.06789010'}}, 'BCH/USDT': {'huobi_pro': {'bid': '2424.73000000', 'ask': '2424.91000000'}, 'poloniex': {'ask': '2412.49999952', 'bid': '2398.94140031'}}, 'DASH/USDT': {'huobi_pro': {'bid': '1139.56312000', 'ask': '1140.66000000'}, 'poloniex': {'ask': '1140.12135597', 'bid': '1135.13896713'}}, 'XRP/USDT': {'huobi_pro': {'bid': '2.88000000', 'ask': '2.88010000'}, 'poloniex': {'ask': '2.84992996', 'bid': '2.83000000'}}}
2018-01-05 17:35:32,441  {'BTC/USDT': {'huobi_pro': {'bid': '15954.29000000', 'ask': '15963.23000000'}, 'poloniex': {'ask': '15925.74006253', 'bid': '15906.00000025'}}, 'ETH/USDT': {'huobi_pro': {'bid': '992.00000000', 'ask': '993.00000000'}, 'poloniex': {'ask': '994.92999990', 'bid': '990.96719722'}}, 'ETC/USDT': {'huobi_pro': {'bid': '33.90000000', 'ask': '33.97000000'}, 'poloniex': {'ask': '33.70548381', 'bid': '33.56442278'}}, 'LTC/USDT': {'huobi_pro': {'bid': '247.02000000', 'ask': '247.91000000'}, 'poloniex': {'ask': '245.99169620', 'bid': '245.06789010'}}, 'BCH/USDT': {'huobi_pro': {'bid': '2424.73000000', 'ask': '2424.91000000'}, 'poloniex': {'ask': '2412.49999952', 'bid': '2398.94140031'}}, 'DASH/USDT': {'huobi_pro': {'bid': '1139.56312000', 'ask': '1140.66000000'}, 'poloniex': {'ask': '1140.12135597', 'bid': '1135.13896713'}}, 'XRP/USDT': {'huobi_pro': {'bid': '2.88000000', 'ask': '2.88010000'}, 'poloniex': {'ask': '2.84992996', 'bid': '2.83000000'}}}
2018-01-05 17:35:32,441  Getting prices: 7/7 success. Failed ones: []
2018-01-05 17:35:32,442  Current premiums: 
2018-01-05 17:35:32,442  BTC/USDT: {'premium': '0.0018', 'market_hi': 'huobi_pro', 'market_lo': 'poloniex'} (threshold: 0.0130)
2018-01-05 17:35:32,442  ETH/USDT: {'premium': '-0.0010', 'market_hi': 'huobi_pro', 'market_lo': 'huobi_pro'} (threshold: 0.0130)
2018-01-05 17:35:32,442  ETC/USDT: {'premium': '0.0058', 'market_hi': 'huobi_pro', 'market_lo': 'poloniex'} (threshold: 0.0130)
2018-01-05 17:35:32,442  LTC/USDT: {'premium': '0.0042', 'market_hi': 'huobi_pro', 'market_lo': 'poloniex'} (threshold: 0.0130)
2018-01-05 17:35:32,442  BCH/USDT: {'premium': '0.0051', 'market_hi': 'huobi_pro', 'market_lo': 'poloniex'} (threshold: 0.0130)
2018-01-05 17:35:32,442  DASH/USDT: {'premium': '-0.0005', 'market_hi': 'huobi_pro', 'market_lo': 'poloniex'} (threshold: 0.0130)
2018-01-05 17:35:32,442  XRP/USDT: {'premium': '0.0106', 'market_hi': 'huobi_pro', 'market_lo': 'poloniex'} (threshold: 0.0130)
2018-01-05 17:35:32,442  Qualified premiums: []
2018-01-05 17:35:32,442  #####     Trader ended.       #####
2018-01-05 17:35:32,442  
2018-01-05 17:35:32,443  Delay list: {'': 1515145232.442924}
2018-01-05 17:35:32,443  


2018-01-05 17:35:32,443  #####     Trader started.     #####
2018-01-05 17:35:32,443  =====     Coin Balancer (soft)      =====
2018-01-05 17:35:36,803  Current balances:
2018-01-05 17:35:36,803  {'huobi_pro': {'BCH': '0.88504662', 'BTC': '0.12194523', 'DASH': '0.04083784', 'ETC': '57.45315140', 'ETH': '1.06849812', 'LTC': '10.06216000', 'USDT': '5897.56103800', 'XRP': '592.61000000'}, 'poloniex': {'BTC': '0.09838983', 'BCH': '0.56471920', 'ETH': '2.39601200', 'ETC': '43.16209711', 'LTC': '4.17307828', 'USDT': '4727.02629700', 'DASH': '3.02352153', 'XRP': '641.51250021'}}
2018-01-05 17:35:38,054  huobi_pro: 	BTC: 0.12194523	BCH: 0.88504662	ETH: 1.06849812	ETC: 57.45315140	LTC: 10.06216000	USDT: 5897.56103800	DASH: 0.04083784	XRP: 592.61000000	
2018-01-05 17:35:39,975  poloniex: 	BTC: 0.09838983	BCH: 0.56471920	ETH: 2.39601200	ETC: 43.16209711	LTC: 4.17307828	USDT: 4727.02629700	DASH: 3.02352153	XRP: 641.51250021	
2018-01-05 17:35:39,975  Balance even ratio:
2018-01-05 17:35:39,975  {'BTC': '0.1086', 'BCH': '0.2827', 'ETH': '-0.4161', 'ETC': '0.0840', 'LTC': '0.3975', 'USDT': '0.1564', 'DASH': '-0.9733', 'XRP': '0.0044'}
2018-01-05 17:35:39,975  {'BTC': '-0.1055', 'BCH': '-0.1816', 'ETH': '0.3093', 'ETC': '-0.1856', 'LTC': '-0.4204', 'USDT': '-0.0731', 'DASH': '0.9762', 'XRP': '0.0873'}
2018-01-05 17:35:39,975  Market pair: huobi_pro, poloniex
2018-01-05 17:35:39,975  Currency pair: [], ['ETH', 'DASH']
2018-01-05 17:35:39,975  Market pair: poloniex, huobi_pro
2018-01-05 17:35:39,975  Currency pair: ['DASH'], ['BTC', 'BCH', 'LTC', 'USDT']
2018-01-05 17:35:39,975  Balance list: [['DASH/USDT', 'poloniex', 'huobi_pro', '-0.003']]
2018-01-05 17:35:39,975  =====     Coin Balancer (adaptive, reversed arbitrage)      =====
2018-01-05 17:35:39,975  Trying to balance ['DASH/USDT', 'poloniex', 'huobi_pro', '-0.003'].
2018-01-05 17:35:42,659  Premium (-0.0048) is not high enough (-0.003) for reversed arbitrage.
2018-01-05 17:35:42,660  =====     Premium monitor    =====
2018-01-05 17:35:47,192  {'BTC/USDT': {'huobi_pro': {'bid': '15947.06000000', 'ask': '15965.07326000'}, 'poloniex': {'ask': '15925.74006252', 'bid': '15925.00000000'}}, 'ETH/USDT': {'huobi_pro': {'bid': '992.02566667', 'ask': '992.97000000'}, 'poloniex': {'ask': '994.92999984', 'bid': '991.40000000'}}, 'ETC/USDT': {'huobi_pro': {'bid': '33.90000000', 'ask': '33.98000000'}, 'poloniex': {'ask': '33.71519556', 'bid': '33.56454773'}}, 'LTC/USDT': {'huobi_pro': {'bid': '247.37000000', 'ask': '247.42758667'}, 'poloniex': {'ask': '246.99999933', 'bid': '245.28887472'}}, 'BCH/USDT': {'huobi_pro': {'bid': '2423.86000000', 'ask': '2423.87000000'}, 'poloniex': {'ask': '2412.49999950', 'bid': '2398.94140041'}}, 'DASH/USDT': {'huobi_pro': {'bid': '1139.90808000', 'ask': '1140.65000000'}, 'poloniex': {'ask': '1140.12135597', 'bid': '1135.13896713'}}, 'XRP/USDT': {'huobi_pro': {'bid': '2.87010000', 'ask': '2.88000000'}, 'poloniex': {'ask': '2.83000001', 'bid': '2.83000000'}}}
2018-01-05 17:35:47,192  {'BTC/USDT': {'huobi_pro': {'bid': '15947.06000000', 'ask': '15965.07326000'}, 'poloniex': {'ask': '15925.74006252', 'bid': '15925.00000000'}}, 'ETH/USDT': {'huobi_pro': {'bid': '992.02566667', 'ask': '992.97000000'}, 'poloniex': {'ask': '994.92999984', 'bid': '991.40000000'}}, 'ETC/USDT': {'huobi_pro': {'bid': '33.90000000', 'ask': '33.98000000'}, 'poloniex': {'ask': '33.71519556', 'bid': '33.56454773'}}, 'LTC/USDT': {'huobi_pro': {'bid': '247.37000000', 'ask': '247.42758667'}, 'poloniex': {'ask': '246.99999933', 'bid': '245.28887472'}}, 'BCH/USDT': {'huobi_pro': {'bid': '2423.86000000', 'ask': '2423.87000000'}, 'poloniex': {'ask': '2412.49999950', 'bid': '2398.94140041'}}, 'DASH/USDT': {'huobi_pro': {'bid': '1139.90808000', 'ask': '1140.65000000'}, 'poloniex': {'ask': '1140.12135597', 'bid': '1135.13896713'}}, 'XRP/USDT': {'huobi_pro': {'bid': '2.87010000', 'ask': '2.88000000'}, 'poloniex': {'ask': '2.83000001', 'bid': '2.83000000'}}}
2018-01-05 17:35:47,193  Getting prices: 7/7 success. Failed ones: []
2018-01-05 17:35:47,193  Current premiums: 
2018-01-05 17:35:47,193  BTC/USDT: {'premium': '0.0013', 'market_hi': 'huobi_pro', 'market_lo': 'poloniex'} (threshold: 0.0130)
2018-01-05 17:35:47,193  ETH/USDT: {'premium': '-0.0010', 'market_hi': 'huobi_pro', 'market_lo': 'huobi_pro'} (threshold: 0.0130)
2018-01-05 17:35:47,193  ETC/USDT: {'premium': '0.0055', 'market_hi': 'huobi_pro', 'market_lo': 'poloniex'} (threshold: 0.0130)
2018-01-05 17:35:47,193  LTC/USDT: {'premium': '0.0015', 'market_hi': 'huobi_pro', 'market_lo': 'poloniex'} (threshold: 0.0130)
2018-01-05 17:35:47,194  BCH/USDT: {'premium': '0.0047', 'market_hi': 'huobi_pro', 'market_lo': 'poloniex'} (threshold: 0.0130)
2018-01-05 17:35:47,194  DASH/USDT: {'premium': '-0.0002', 'market_hi': 'huobi_pro', 'market_lo': 'poloniex'} (threshold: 0.0130)
2018-01-05 17:35:47,194  XRP/USDT: {'premium': '0.0142', 'market_hi': 'huobi_pro', 'market_lo': 'poloniex'} (threshold: 0.0130)
2018-01-05 17:35:47,194  Qualified premiums: [{'premium': '0.0142', 'market_hi': 'huobi_pro', 'market_lo': 'poloniex', 'currency_pair': 'XRP/USDT'}]
2018-01-05 17:35:47,194  Sending arbitrage order to trader: {'premium': '0.0142', 'market_hi': 'huobi_pro', 'market_lo': 'poloniex', 'currency_pair': 'XRP/USDT'}
2018-01-05 17:35:47,194  ================================================== S T A R T ==================================================
2018-01-05 17:35:47,195  Executing positive premium arbitrage:
2018-01-05 17:35:47,195  Phase 1: Record balances:
2018-01-05 17:35:49,690  Current balances (before arbitrage): {'huobi_pro': {'BCH': '0.88504662', 'BTC': '0.12194523', 'DASH': '0.04083784', 'ETC': '57.45315140', 'ETH': '1.06849812', 'LTC': '10.06216000', 'USDT': '5897.56103800', 'XRP': '592.61000000'}, 'poloniex': {'BTC': '0.09838983', 'BCH': '0.56471920', 'ETH': '2.39601200', 'ETC': '43.16209711', 'LTC': '4.17307828', 'USDT': '4727.02629700', 'DASH': '3.02352153', 'XRP': '641.51250021'}}
2018-01-05 17:35:49,690  Phase 2: Get balances and verify trade amount:
2018-01-05 17:35:49,690  XRP/USDT trade amount: 100
2018-01-05 17:35:49,690  Current XRP balance in huobi_pro: 592.61000000
2018-01-05 17:35:49,690  Current USDT balance in poloniex: 4727.02629700
2018-01-05 17:35:52,808  Affordable XRP amount in poloniex: 1670.32730753
2018-01-05 17:35:52,809  Maximum XRP trade amount: 592.6100 
2018-01-05 17:35:52,809  Balance verification: PASS!
2018-01-05 17:35:52,809  Verifying premium.
2018-01-05 17:35:55,904  Phase 3: Sell XRP in huobi_pro and buy XRP in poloniex
2018-01-05 17:35:55,916  Selling XRP in huobi_pro: amount = 100
2018-01-05 17:35:55,917  Buying XRP in poloniex: amount = 100
2018-01-05 17:35:55,918  Amount to sell: 100
2018-01-05 17:35:57,672  True 2.87010000 [[2.8701, 200.0]]
2018-01-05 17:35:57,672  Average Sold Price (estimated): 2.87010000
2018-01-05 17:35:57,673  Set Sell Price: 2.8414 
2018-01-05 17:35:59,273  Printing order_id:
2018-01-05 17:35:59,273  600327820
2018-01-05 17:35:59,384  Buying XRP: amount = 100, price = 3.11300001, total = 311.300001
2018-01-05 17:36:02,278  {'orderNumber': '74919259873', 'resultingTrades': [{'amount': '64.22831535', 'date': '2018-01-05 09:36:01', 'rate': '2.83000001', 'total': '181.76613308', 'tradeID': '4264713', 'type': 'buy'}, {'amount': '35.77168465', 'date': '2018-01-05 09:36:01', 'rate': '2.83000001', 'total': '101.23386791', 'tradeID': '4264714', 'type': 'buy'}]}
2018-01-05 17:36:02,278  Order Successfully Filled!
2018-01-05 17:36:02,279  Traded amount: 100.0 / 100 (100%)
2018-01-05 17:36:02,279  Order successfully traded!
2018-01-05 17:36:03,951  Arbitrage successfully proceeded! XRP amount = 100
2018-01-05 17:36:03,952  Phase 4: Report
2018-01-05 17:36:03,952  Getting balances:
2018-01-05 17:36:07,860  Current balances (after arbitrage): {'huobi_pro': {'BCH': '0.88504662', 'BTC': '0.12194523', 'DASH': '0.04083784', 'ETC': '57.45315140', 'ETH': '1.06849812', 'LTC': '10.06216000', 'USDT': '6183.99701800', 'XRP': '492.61000000'}, 'poloniex': {'BTC': '0.09838983', 'BCH': '0.56471920', 'ETH': '2.39601200', 'ETC': '43.16209711', 'LTC': '4.17307828', 'USDT': '4444.02629601', 'DASH': '3.02352153', 'XRP': '741.26250022'}}
2018-01-05 17:36:07,860  Premium Report: 
0.0142 (threshold: 0.0130)
2018-01-05 17:36:07,860  Assets Report: 
{'BCH': '1.44976582', 'BTC': '0.22033506', 'DASH': '3.06435937', 'ETC': '100.61524851', 'ETH': '3.46451012', 'LTC': '14.23523828', 'USDT': '10628.02331401', 'XRP': '1233.87250022'}
2018-01-05 17:36:09,362  Profit Report: 
{'BCH': '0.00000000', 'BTC': '0.00000000', 'DASH': '0.00000000', 'ETC': '0.00000000', 'ETH': '0.00000000', 'LTC': '0.00000000', 'USDT': '3.43597901', 'XRP': '-0.24999999', 'usdt_equ': '2.73'}
2018-01-05 17:36:10,814  Report by email...
2018-01-05 17:36:22,635  Email sent!
2018-01-05 17:36:22,635  Save trading result...
2018-01-05 17:36:23,817  Trading result Saved.
2018-01-05 17:36:23,817  ================================================== E N D ==================================================
2018-01-05 17:36:23,817  Arbitrage order finished. Status: Arbitrage trader finished execution.  Elapsed time: 36.62 sec
2018-01-05 17:36:23,817  #####     Trader ended.       #####
2018-01-05 17:36:23,817  
2018-01-05 17:36:23,818  Delay list: {'': 1515145283.817981}
2018-01-05 17:36:23,818  


2018-01-05 17:36:23,818  #####     Trader started.     #####
2018-01-05 17:36:23,818  =====     Coin Balancer (soft)      =====
2018-01-05 17:36:27,024  Current balances:
2018-01-05 17:36:27,025  {'huobi_pro': {'BCH': '0.88504662', 'BTC': '0.12194523', 'DASH': '0.04083784', 'ETC': '57.45315140', 'ETH': '1.06849812', 'LTC': '10.06216000', 'USDT': '6183.99701800', 'XRP': '492.61000000'}, 'poloniex': {'BTC': '0.09838983', 'BCH': '0.56471920', 'ETH': '2.39601200', 'ETC': '43.16209711', 'LTC': '4.17307828', 'USDT': '4444.02629601', 'DASH': '3.02352153', 'XRP': '741.26250022'}}
2018-01-05 17:36:28,418  huobi_pro: 	BTC: 0.12194523	BCH: 0.88504662	ETH: 1.06849812	ETC: 57.45315140	LTC: 10.06216000	USDT: 6183.99701800	DASH: 0.04083784	XRP: 492.61000000	
2018-01-05 17:36:29,908  poloniex: 	BTC: 0.09838983	BCH: 0.56471920	ETH: 2.39601200	ETC: 43.16209711	LTC: 4.17307828	USDT: 4444.02629601	DASH: 3.02352153	XRP: 741.26250022	
2018-01-05 17:36:29,908  Balance even ratio:
2018-01-05 17:36:29,908  {'BTC': '0.1086', 'BCH': '0.2827', 'ETH': '-0.4161', 'ETC': '0.0840', 'LTC': '0.3975', 'USDT': '0.2125', 'DASH': '-0.9733', 'XRP': '-0.1651'}
2018-01-05 17:36:29,908  {'BTC': '-0.1055', 'BCH': '-0.1816', 'ETH': '0.3093', 'ETC': '-0.1856', 'LTC': '-0.4204', 'USDT': '-0.1286', 'DASH': '0.9762', 'XRP': '0.2564'}
2018-01-05 17:36:29,908  Market pair: huobi_pro, poloniex
2018-01-05 17:36:29,908  Currency pair: [], ['ETH', 'DASH', 'XRP']
2018-01-05 17:36:29,908  Market pair: poloniex, huobi_pro
2018-01-05 17:36:29,908  Currency pair: ['DASH'], ['BTC', 'BCH', 'LTC', 'USDT']
2018-01-05 17:36:29,908  Balance list: [['DASH/USDT', 'poloniex', 'huobi_pro', '-0.003']]
2018-01-05 17:36:29,908  =====     Coin Balancer (adaptive, reversed arbitrage)      =====
2018-01-05 17:36:29,908  Trying to balance ['DASH/USDT', 'poloniex', 'huobi_pro', '-0.003'].
2018-01-05 17:36:32,491  Premium (-0.0042) is not high enough (-0.003) for reversed arbitrage.
2018-01-05 17:36:32,492  =====     Premium monitor    =====
2018-01-05 17:36:37,849  {'BTC/USDT': {'huobi_pro': {'bid': '15936.06000000', 'ask': '15945.00000000'}, 'poloniex': {'ask': '15906.00000000', 'bid': '15900.00000003'}}, 'ETH/USDT': {'huobi_pro': {'bid': '991.99000000', 'ask': '992.03009333'}, 'poloniex': {'ask': '994.77999987', 'bid': '990.92999994'}}, 'ETC/USDT': {'huobi_pro': {'bid': '33.79000000', 'ask': '33.96640850'}, 'poloniex': {'ask': '33.71653083', 'bid': '33.70548384'}}, 'LTC/USDT': {'huobi_pro': {'bid': '247.25000000', 'ask': '247.84022667'}, 'poloniex': {'ask': '246.99999921', 'bid': '245.06789112'}}, 'BCH/USDT': {'huobi_pro': {'bid': '2421.82000000', 'ask': '2424.68000000'}, 'poloniex': {'ask': '2409.99999996', 'bid': '2398.94140054'}}, 'DASH/USDT': {'huobi_pro': {'bid': '1138.01810667', 'ask': '1139.61000000'}, 'poloniex': {'ask': '1138.38518137', 'bid': '1134.77087934'}}, 'XRP/USDT': {'huobi_pro': {'bid': '2.83290000', 'ask': '2.85290000'}, 'poloniex': {'ask': '2.84900997', 'bid': '2.83000203'}}}
2018-01-05 17:36:37,850  {'BTC/USDT': {'huobi_pro': {'bid': '15936.06000000', 'ask': '15945.00000000'}, 'poloniex': {'ask': '15906.00000000', 'bid': '15900.00000003'}}, 'ETH/USDT': {'huobi_pro': {'bid': '991.99000000', 'ask': '992.03009333'}, 'poloniex': {'ask': '994.77999987', 'bid': '990.92999994'}}, 'ETC/USDT': {'huobi_pro': {'bid': '33.79000000', 'ask': '33.96640850'}, 'poloniex': {'ask': '33.71653083', 'bid': '33.70548384'}}, 'LTC/USDT': {'huobi_pro': {'bid': '247.25000000', 'ask': '247.84022667'}, 'poloniex': {'ask': '246.99999921', 'bid': '245.06789112'}}, 'BCH/USDT': {'huobi_pro': {'bid': '2421.82000000', 'ask': '2424.68000000'}, 'poloniex': {'ask': '2409.99999996', 'bid': '2398.94140054'}}, 'DASH/USDT': {'huobi_pro': {'bid': '1138.01810667', 'ask': '1139.61000000'}, 'poloniex': {'ask': '1138.38518137', 'bid': '1134.77087934'}}, 'XRP/USDT': {'huobi_pro': {'bid': '2.83290000', 'ask': '2.85290000'}, 'poloniex': {'ask': '2.84900997', 'bid': '2.83000203'}}}
2018-01-05 17:36:37,850  Getting prices: 7/7 success. Failed ones: []
2018-01-05 17:36:37,850  Current premiums: 
2018-01-05 17:36:37,851  BTC/USDT: {'premium': '0.0019', 'market_hi': 'huobi_pro', 'market_lo': 'poloniex'} (threshold: 0.0130)
2018-01-05 17:36:37,851  ETH/USDT: {'premium': '-0.0000', 'market_hi': 'huobi_pro', 'market_lo': 'huobi_pro'} (threshold: 0.0130)
2018-01-05 17:36:37,851  ETC/USDT: {'premium': '0.0022', 'market_hi': 'huobi_pro', 'market_lo': 'poloniex'} (threshold: 0.0130)
2018-01-05 17:36:37,851  LTC/USDT: {'premium': '0.0010', 'market_hi': 'huobi_pro', 'market_lo': 'poloniex'} (threshold: 0.0130)
2018-01-05 17:36:37,851  BCH/USDT: {'premium': '0.0049', 'market_hi': 'huobi_pro', 'market_lo': 'poloniex'} (threshold: 0.0130)
2018-01-05 17:36:37,851  DASH/USDT: {'premium': '-0.0003', 'market_hi': 'huobi_pro', 'market_lo': 'poloniex'} (threshold: 0.0130)
2018-01-05 17:36:37,851  XRP/USDT: {'premium': '-0.0057', 'market_hi': 'huobi_pro', 'market_lo': 'poloniex'} (threshold: 0.0130)
2018-01-05 17:36:37,851  Qualified premiums: []
2018-01-05 17:36:37,851  #####     Trader ended.       #####
2018-01-05 17:36:37,851  
2018-01-05 17:36:37,851  Delay list: {'': 1515145297.8518322}
2018-01-05 17:36:37,852  


2018-01-05 17:36:37,852  #####     Trader started.     #####
2018-01-05 17:36:37,852  =====     Coin Balancer (soft)      =====
2018-01-05 17:36:40,954  Current balances:
2018-01-05 17:36:40,955  {'huobi_pro': {'BCH': '0.88504662', 'BTC': '0.12194523', 'DASH': '0.04083784', 'ETC': '57.45315140', 'ETH': '1.06849812', 'LTC': '10.06216000', 'USDT': '6183.99701800', 'XRP': '492.61000000'}, 'poloniex': {'BTC': '0.09838983', 'BCH': '0.56471920', 'ETH': '2.39601200', 'ETC': '43.16209711', 'LTC': '4.17307828', 'USDT': '4444.02629601', 'DASH': '3.02352153', 'XRP': '741.26250022'}}
2018-01-05 17:36:42,226  huobi_pro: 	BTC: 0.12194523	BCH: 0.88504662	ETH: 1.06849812	ETC: 57.45315140	LTC: 10.06216000	USDT: 6183.99701800	DASH: 0.04083784	XRP: 492.61000000	
2018-01-05 17:36:43,607  poloniex: 	BTC: 0.09838983	BCH: 0.56471920	ETH: 2.39601200	ETC: 43.16209711	LTC: 4.17307828	USDT: 4444.02629601	DASH: 3.02352153	XRP: 741.26250022	
2018-01-05 17:36:43,607  Balance even ratio:
2018-01-05 17:36:43,607  {'BTC': '0.1086', 'BCH': '0.2827', 'ETH': '-0.4161', 'ETC': '0.0840', 'LTC': '0.3975', 'USDT': '0.2125', 'DASH': '-0.9733', 'XRP': '-0.1651'}
2018-01-05 17:36:43,607  {'BTC': '-0.1055', 'BCH': '-0.1816', 'ETH': '0.3093', 'ETC': '-0.1856', 'LTC': '-0.4204', 'USDT': '-0.1286', 'DASH': '0.9762', 'XRP': '0.2564'}
2018-01-05 17:36:43,607  Market pair: huobi_pro, poloniex
2018-01-05 17:36:43,607  Currency pair: [], ['ETH', 'DASH', 'XRP']
2018-01-05 17:36:43,607  Market pair: poloniex, huobi_pro
2018-01-05 17:36:43,607  Currency pair: ['DASH'], ['BTC', 'BCH', 'LTC', 'USDT']
2018-01-05 17:36:43,607  Balance list: [['DASH/USDT', 'poloniex', 'huobi_pro', '-0.003']]
2018-01-05 17:36:43,607  =====     Coin Balancer (adaptive, reversed arbitrage)      =====
2018-01-05 17:36:43,607  Trying to balance ['DASH/USDT', 'poloniex', 'huobi_pro', '-0.003'].
2018-01-05 17:36:46,507  Premium (-0.0042) is not high enough (-0.003) for reversed arbitrage.
2018-01-05 17:36:46,508  =====     Premium monitor    =====
2018-01-05 17:36:51,382  {'BTC/USDT': {'huobi_pro': {'bid': '15937.87200000', 'ask': '15945.00000000'}, 'poloniex': {'ask': '15924.97999906', 'bid': '15906.00000000'}}, 'ETH/USDT': {'huobi_pro': {'bid': '991.01000000', 'ask': '991.99000000'}, 'poloniex': {'ask': '994.77999981', 'bid': '990.92999998'}}, 'ETC/USDT': {'huobi_pro': {'bid': '33.80000000', 'ask': '33.96640850'}, 'poloniex': {'ask': '33.70548389', 'bid': '33.56454772'}}, 'LTC/USDT': {'huobi_pro': {'bid': '247.22562533', 'ask': '247.74000000'}, 'poloniex': {'ask': '246.99999914', 'bid': '245.06789113'}}, 'BCH/USDT': {'huobi_pro': {'bid': '2420.29000000', 'ask': '2423.45160000'}, 'poloniex': {'ask': '2409.99999990', 'bid': '2390.00014008'}}, 'DASH/USDT': {'huobi_pro': {'bid': '1138.47394667', 'ask': '1139.55852000'}, 'poloniex': {'ask': '1138.38508862', 'bid': '1134.70935162'}}, 'XRP/USDT': {'huobi_pro': {'bid': '2.84000000', 'ask': '2.86990000'}, 'poloniex': {'ask': '2.84900996', 'bid': '2.83000002'}}}
2018-01-05 17:36:51,383  {'BTC/USDT': {'huobi_pro': {'bid': '15937.87200000', 'ask': '15945.00000000'}, 'poloniex': {'ask': '15924.97999906', 'bid': '15906.00000000'}}, 'ETH/USDT': {'huobi_pro': {'bid': '991.01000000', 'ask': '991.99000000'}, 'poloniex': {'ask': '994.77999981', 'bid': '990.92999998'}}, 'ETC/USDT': {'huobi_pro': {'bid': '33.80000000', 'ask': '33.96640850'}, 'poloniex': {'ask': '33.70548389', 'bid': '33.56454772'}}, 'LTC/USDT': {'huobi_pro': {'bid': '247.22562533', 'ask': '247.74000000'}, 'poloniex': {'ask': '246.99999914', 'bid': '245.06789113'}}, 'BCH/USDT': {'huobi_pro': {'bid': '2420.29000000', 'ask': '2423.45160000'}, 'poloniex': {'ask': '2409.99999990', 'bid': '2390.00014008'}}, 'DASH/USDT': {'huobi_pro': {'bid': '1138.47394667', 'ask': '1139.55852000'}, 'poloniex': {'ask': '1138.38508862', 'bid': '1134.70935162'}}, 'XRP/USDT': {'huobi_pro': {'bid': '2.84000000', 'ask': '2.86990000'}, 'poloniex': {'ask': '2.84900996', 'bid': '2.83000002'}}}
2018-01-05 17:36:51,384  Getting prices: 7/7 success. Failed ones: []
2018-01-05 17:36:51,384  Current premiums: 
2018-01-05 17:36:51,384  BTC/USDT: {'premium': '0.0008', 'market_hi': 'huobi_pro', 'market_lo': 'poloniex'} (threshold: 0.0130)
2018-01-05 17:36:51,384  ETH/USDT: {'premium': '-0.0010', 'market_hi': 'huobi_pro', 'market_lo': 'huobi_pro'} (threshold: 0.0130)
2018-01-05 17:36:51,384  ETC/USDT: {'premium': '0.0028', 'market_hi': 'huobi_pro', 'market_lo': 'poloniex'} (threshold: 0.0130)
2018-01-05 17:36:51,385  LTC/USDT: {'premium': '0.0009', 'market_hi': 'huobi_pro', 'market_lo': 'poloniex'} (threshold: 0.0130)
2018-01-05 17:36:51,385  BCH/USDT: {'premium': '0.0043', 'market_hi': 'huobi_pro', 'market_lo': 'poloniex'} (threshold: 0.0130)
2018-01-05 17:36:51,385  DASH/USDT: {'premium': '0.0001', 'market_hi': 'huobi_pro', 'market_lo': 'poloniex'} (threshold: 0.0130)
2018-01-05 17:36:51,385  XRP/USDT: {'premium': '-0.0032', 'market_hi': 'huobi_pro', 'market_lo': 'poloniex'} (threshold: 0.0130)
2018-01-05 17:36:51,385  Qualified premiums: []
2018-01-05 17:36:51,385  #####     Trader ended.       #####
2018-01-05 17:36:51,385  
2018-01-05 17:36:51,385  Delay list: {'': 1515145311.385561}
2018-01-05 17:36:51,385  
